Traceback (most recent call last):
  File "C:\Users\tobiasmelb_a\AppData\Local\Programs\Python\Python312\Lib\site-packages\jupyter_cache\executors\utils.py", line 58, in single_nb_execution
    executenb(
  File "C:\Users\tobiasmelb_a\AppData\Local\Programs\Python\Python312\Lib\site-packages\nbclient\client.py", line 1314, in execute
    return NotebookClient(nb=nb, resources=resources, km=km, **kwargs).execute()
           ^^^^^^^^^^^^^^^^^^^^^^^^^^^^^^^^^^^^^^^^^^^^^^^^^^^^^^^^^^^^^^^^^^^^^
  File "C:\Users\tobiasmelb_a\AppData\Local\Programs\Python\Python312\Lib\site-packages\jupyter_core\utils\__init__.py", line 165, in wrapped
    return loop.run_until_complete(inner)
           ^^^^^^^^^^^^^^^^^^^^^^^^^^^^^^
  File "C:\Users\tobiasmelb_a\AppData\Local\Programs\Python\Python312\Lib\asyncio\base_events.py", line 687, in run_until_complete
    return future.result()
           ^^^^^^^^^^^^^^^
  File "C:\Users\tobiasmelb_a\AppData\Local\Programs\Python\Python312\Lib\site-packages\nbclient\client.py", line 709, in async_execute
    await self.async_execute_cell(
  File "C:\Users\tobiasmelb_a\AppData\Local\Programs\Python\Python312\Lib\site-packages\nbclient\client.py", line 1062, in async_execute_cell
    await self._check_raise_for_error(cell, cell_index, exec_reply)
  File "C:\Users\tobiasmelb_a\AppData\Local\Programs\Python\Python312\Lib\site-packages\nbclient\client.py", line 918, in _check_raise_for_error
    raise CellExecutionError.from_cell_and_msg(cell, exec_reply_content)
nbclient.exceptions.CellExecutionError: An error occurred while executing the following cell:
------------------
import pandas as pd

df = pd.read_csv("konsumprisindeks.csv", delimiter=";", decimal=",") # Leser filen og spesifiserer at data skilles med semikolon ";" og desimaltall skrives med ","

print(df.head(3)) # Printer ut de tre første linjene.
------------------


[1;31m---------------------------------------------------------------------------[0m
[1;31mModuleNotFoundError[0m                       Traceback (most recent call last)
Cell [1;32mIn[1], line 1[0m
[1;32m----> 1[0m [38;5;28;01mimport[39;00m [38;5;21;01mpandas[39;00m [38;5;28;01mas[39;00m [38;5;21;01mpd[39;00m
[0;32m      3[0m df [38;5;241m=[39m pd[38;5;241m.[39mread_csv([38;5;124m"[39m[38;5;124mkonsumprisindeks.csv[39m[38;5;124m"[39m, delimiter[38;5;241m=[39m[38;5;124m"[39m[38;5;124m;[39m[38;5;124m"[39m, decimal[38;5;241m=[39m[38;5;124m"[39m[38;5;124m,[39m[38;5;124m"[39m) [38;5;66;03m# Leser filen og spesifiserer at data skilles med semikolon ";" og desimaltall skrives med ","[39;00m
[0;32m      5[0m [38;5;28mprint[39m(df[38;5;241m.[39mhead([38;5;241m3[39m)) [38;5;66;03m# Printer ut de tre første linjene.[39;00m

[1;31mModuleNotFoundError[0m: No module named 'pandas'

