Traceback (most recent call last):
  File "C:\Users\tobiasmelb_a\AppData\Local\Programs\Python\Python312\Lib\site-packages\jupyter_cache\executors\utils.py", line 58, in single_nb_execution
    executenb(
  File "C:\Users\tobiasmelb_a\AppData\Local\Programs\Python\Python312\Lib\site-packages\nbclient\client.py", line 1314, in execute
    return NotebookClient(nb=nb, resources=resources, km=km, **kwargs).execute()
           ^^^^^^^^^^^^^^^^^^^^^^^^^^^^^^^^^^^^^^^^^^^^^^^^^^^^^^^^^^^^^^^^^^^^^
  File "C:\Users\tobiasmelb_a\AppData\Local\Programs\Python\Python312\Lib\site-packages\jupyter_core\utils\__init__.py", line 165, in wrapped
    return loop.run_until_complete(inner)
           ^^^^^^^^^^^^^^^^^^^^^^^^^^^^^^
  File "C:\Users\tobiasmelb_a\AppData\Local\Programs\Python\Python312\Lib\asyncio\base_events.py", line 687, in run_until_complete
    return future.result()
           ^^^^^^^^^^^^^^^
  File "C:\Users\tobiasmelb_a\AppData\Local\Programs\Python\Python312\Lib\site-packages\nbclient\client.py", line 709, in async_execute
    await self.async_execute_cell(
  File "C:\Users\tobiasmelb_a\AppData\Local\Programs\Python\Python312\Lib\site-packages\nbclient\client.py", line 1062, in async_execute_cell
    await self._check_raise_for_error(cell, cell_index, exec_reply)
  File "C:\Users\tobiasmelb_a\AppData\Local\Programs\Python\Python312\Lib\site-packages\nbclient\client.py", line 918, in _check_raise_for_error
    raise CellExecutionError.from_cell_and_msg(cell, exec_reply_content)
nbclient.exceptions.CellExecutionError: An error occurred while executing the following cell:
------------------
import matplotlib.pyplot as plt

x = [2015, 2016, 2017, 2018, 2019, 2020, 2021, 2022] # År etter 2015
y = [100, 103.6, 105.5, 108.4, 110.8, 112.2, 116.1, 122.8] # Konsumprisindeks

plt.plot(x, y)
plt.title("Konsumprisindeksen f.o.m. 2015")
plt.xlabel("År")
plt.ylabel("Konsumprisindeks (KPI)")
plt.show()
------------------


[1;31m---------------------------------------------------------------------------[0m
[1;31mModuleNotFoundError[0m                       Traceback (most recent call last)
Cell [1;32mIn[1], line 1[0m
[1;32m----> 1[0m [38;5;28;01mimport[39;00m [38;5;21;01mmatplotlib[39;00m[38;5;21;01m.[39;00m[38;5;21;01mpyplot[39;00m [38;5;28;01mas[39;00m [38;5;21;01mplt[39;00m
[0;32m      3[0m x [38;5;241m=[39m [[38;5;241m2015[39m, [38;5;241m2016[39m, [38;5;241m2017[39m, [38;5;241m2018[39m, [38;5;241m2019[39m, [38;5;241m2020[39m, [38;5;241m2021[39m, [38;5;241m2022[39m] [38;5;66;03m# År etter 2015[39;00m
[0;32m      4[0m y [38;5;241m=[39m [[38;5;241m100[39m, [38;5;241m103.6[39m, [38;5;241m105.5[39m, [38;5;241m108.4[39m, [38;5;241m110.8[39m, [38;5;241m112.2[39m, [38;5;241m116.1[39m, [38;5;241m122.8[39m] [38;5;66;03m# Konsumprisindeks[39;00m

[1;31mModuleNotFoundError[0m: No module named 'matplotlib'

