Traceback (most recent call last):
  File "C:\Users\tobiasmelb_a\AppData\Local\Programs\Python\Python312\Lib\site-packages\jupyter_cache\executors\utils.py", line 58, in single_nb_execution
    executenb(
  File "C:\Users\tobiasmelb_a\AppData\Local\Programs\Python\Python312\Lib\site-packages\nbclient\client.py", line 1314, in execute
    return NotebookClient(nb=nb, resources=resources, km=km, **kwargs).execute()
           ^^^^^^^^^^^^^^^^^^^^^^^^^^^^^^^^^^^^^^^^^^^^^^^^^^^^^^^^^^^^^^^^^^^^^
  File "C:\Users\tobiasmelb_a\AppData\Local\Programs\Python\Python312\Lib\site-packages\jupyter_core\utils\__init__.py", line 165, in wrapped
    return loop.run_until_complete(inner)
           ^^^^^^^^^^^^^^^^^^^^^^^^^^^^^^
  File "C:\Users\tobiasmelb_a\AppData\Local\Programs\Python\Python312\Lib\asyncio\base_events.py", line 687, in run_until_complete
    return future.result()
           ^^^^^^^^^^^^^^^
  File "C:\Users\tobiasmelb_a\AppData\Local\Programs\Python\Python312\Lib\site-packages\nbclient\client.py", line 709, in async_execute
    await self.async_execute_cell(
  File "C:\Users\tobiasmelb_a\AppData\Local\Programs\Python\Python312\Lib\site-packages\nbclient\client.py", line 1062, in async_execute_cell
    await self._check_raise_for_error(cell, cell_index, exec_reply)
  File "C:\Users\tobiasmelb_a\AppData\Local\Programs\Python\Python312\Lib\site-packages\nbclient\client.py", line 918, in _check_raise_for_error
    raise CellExecutionError.from_cell_and_msg(cell, exec_reply_content)
nbclient.exceptions.CellExecutionError: An error occurred while executing the following cell:
------------------
class Spill:
    def __init__(self):
        """
        Kode fra tidligere
        """
        self.font = pygame.font.Font(None, 32)
        self.start_tid = pygame.time.get_ticks()

    """
    Metoder fra tidligere
    """
    def skriv_tekst(self, surface : pygame.Surface, string : str, font : pygame.font.Font, color : tuple, center : tuple):
        # Lager tekst. Andre parameter er anti-alias. Sett til True for glatt og fin tekst.
        text = font.render(string, False, color)
        # Henter rektangelet rundt teksten, med sentrum der man ønsker.
        text_rect = text.get_rect(center = center)
        # Setter teksten på overflaten man spesifiserte.
        surface.blit(text, text_rect)

    # Modifiserer render-metoden for å legge til teksten.
    def render(self):
            self.screen.fill("white")

            # Tegner tiden siden starttiden i sekunder på toppen av skjermen i midten.
            self.skriv_tekst(self.screen, str(round((pygame.time.get_ticks() - self.start_time) / 1000)), self.font, (0, 0, 0), (self.screen.get_width() // 2, 10))
            
            for fiende in self.fiender:
                fiende.render()
            self.spiller.render()
            pygame.display.flip()
------------------


[1;31m---------------------------------------------------------------------------[0m
[1;31mNameError[0m                                 Traceback (most recent call last)
Cell [1;32mIn[1], line 1[0m
[1;32m----> 1[0m [38;5;28;43;01mclass[39;49;00m[43m [49m[38;5;21;43;01mSpill[39;49;00m[43m:[49m
[0;32m      2[0m [43m    [49m[38;5;28;43;01mdef[39;49;00m[43m [49m[38;5;21;43m__init__[39;49m[43m([49m[38;5;28;43mself[39;49m[43m)[49m[43m:[49m
[0;32m      3[0m [38;5;250;43m        [39;49m[38;5;124;43;03m"""[39;49;00m
[0;32m      4[0m [38;5;124;43;03m        Kode fra tidligere[39;49;00m
[0;32m      5[0m [38;5;124;43;03m        """[39;49;00m

Cell [1;32mIn[1], line 12[0m, in [0;36mSpill[1;34m()[0m
[0;32m      7[0m     [38;5;28mself[39m[38;5;241m.[39mstart_tid [38;5;241m=[39m pygame[38;5;241m.[39mtime[38;5;241m.[39mget_ticks()
[0;32m      9[0m [38;5;250m[39m[38;5;124;03m"""[39;00m
[0;32m     10[0m [38;5;124;03mMetoder fra tidligere[39;00m
[0;32m     11[0m [38;5;124;03m"""[39;00m
[1;32m---> 12[0m [38;5;28;01mdef[39;00m [38;5;21mskriv_tekst[39m([38;5;28mself[39m, surface : [43mpygame[49m[38;5;241m.[39mSurface, string : [38;5;28mstr[39m, font : pygame[38;5;241m.[39mfont[38;5;241m.[39mFont, color : [38;5;28mtuple[39m, center : [38;5;28mtuple[39m):
[0;32m     13[0m     [38;5;66;03m# Lager tekst. Andre parameter er anti-alias. Sett til True for glatt og fin tekst.[39;00m
[0;32m     14[0m     text [38;5;241m=[39m font[38;5;241m.[39mrender(string, [38;5;28;01mFalse[39;00m, color)
[0;32m     15[0m     [38;5;66;03m# Henter rektangelet rundt teksten, med sentrum der man ønsker.[39;00m

[1;31mNameError[0m: name 'pygame' is not defined

